d:\c++programe\rendersample\frame\x64\debug\vc143.pdb
d:\c++programe\rendersample\frame\x64\debug\vc143.idb
d:\c++programe\rendersample\frame\x64\debug\resourcemanager.obj
d:\c++programe\rendersample\frame\x64\debug\renderpass.obj
d:\c++programe\rendersample\frame\x64\debug\model.obj
d:\c++programe\rendersample\frame\x64\debug\mesh.obj
d:\c++programe\rendersample\frame\x64\debug\maingui.obj
d:\c++programe\rendersample\frame\x64\debug\interface.obj
d:\c++programe\rendersample\frame\x64\debug\inputmanager.obj
d:\c++programe\rendersample\frame\x64\debug\gameobject.obj
d:\c++programe\rendersample\frame\x64\debug\gui.obj
d:\c++programe\rendersample\frame\x64\debug\glfwwindow.obj
d:\c++programe\rendersample\frame\x64\debug\common.obj
d:\c++programe\rendersample\frame\x64\debug\camera.obj
d:\c++programe\rendersample\frame\x64\debug\app.obj
d:\c++programe\rendersample\frame\x64\debug\aabb.obj
d:\c++programe\rendersample\frame\x64\debug\imgui_widgets.obj
d:\c++programe\rendersample\frame\x64\debug\imgui_draw.obj
d:\c++programe\rendersample\frame\x64\debug\imguiextension.obj
d:\c++programe\rendersample\frame\x64\debug\imgui.obj
d:\c++programe\rendersample\frame\x64\debug\imgui_impl_opengl3.obj
d:\c++programe\rendersample\frame\x64\debug\imgui_impl_glfw.obj
d:\c++programe\rendersample\frame\x64\debug\utils.obj
d:\c++programe\rendersample\frame\x64\debug\ubo4projectionworld.obj
d:\c++programe\rendersample\frame\x64\debug\tools.obj
d:\c++programe\rendersample\frame\x64\debug\shader.obj
d:\c++programe\rendersample\frame\x64\debug\frame.ilk
d:\c++programe\rendersample\x64\debug\frame.dll
d:\c++programe\rendersample\x64\debug\frame.pdb
d:\c++programe\rendersample\x64\debug\frame.lib
d:\c++programe\rendersample\x64\debug\frame.exp
d:\c++programe\rendersample\frame\x64\debug\frame.tlog\cl.command.1.tlog
d:\c++programe\rendersample\frame\x64\debug\frame.tlog\cl.read.1.tlog
d:\c++programe\rendersample\frame\x64\debug\frame.tlog\cl.write.1.tlog
d:\c++programe\rendersample\frame\x64\debug\frame.tlog\link.command.1.tlog
d:\c++programe\rendersample\frame\x64\debug\frame.tlog\link.read.1.tlog
d:\c++programe\rendersample\frame\x64\debug\frame.tlog\link.write.1.tlog
d:\c++programe\rendersample\frame\x64\debug\frame.tlog\link.write.2u.tlog
